===2018-12-24 11:10:25.785 INFO  org.springframework.boot.test.context.SpringBootTestContextBootstrapper Line:308 - Neither @ContextConfiguration nor @ContextHierarchy found for test class [cn.joinhealth.springbootdemo.MybatisCacheTest], using SpringBootContextLoader
===2018-12-24 11:10:25.797 INFO  org.springframework.test.context.support.AbstractContextLoader Line:264 - Could not detect default resource locations for test class [cn.joinhealth.springbootdemo.MybatisCacheTest]: no resource found for suffixes {-context.xml, Context.groovy}.
===2018-12-24 11:10:25.799 INFO  org.springframework.test.context.support.AnnotationConfigContextLoaderUtils Line:83  - Could not detect default configuration classes for test class [cn.joinhealth.springbootdemo.MybatisCacheTest]: MybatisCacheTest does not declare any static, non-private, non-final, nested classes annotated with @Configuration.
===2018-12-24 11:10:26.179 INFO  org.springframework.boot.test.context.SpringBootTestContextBootstrapper Line:247 - Found @SpringBootConfiguration cn.joinhealth.springbootdemo.SpringbootDemoApplication for test class cn.joinhealth.springbootdemo.MybatisCacheTest
===2018-12-24 11:10:26.327 INFO  org.springframework.boot.test.context.SpringBootTestContextBootstrapper Line:248 - Loaded default TestExecutionListener class names from location [META-INF/spring.factories]: [org.springframework.boot.test.mock.mockito.MockitoTestExecutionListener, org.springframework.boot.test.mock.mockito.ResetMocksTestExecutionListener, org.springframework.boot.test.autoconfigure.restdocs.RestDocsTestExecutionListener, org.springframework.boot.test.autoconfigure.web.client.MockRestServiceServerResetTestExecutionListener, org.springframework.boot.test.autoconfigure.web.servlet.MockMvcPrintOnlyOnFailureTestExecutionListener, org.springframework.boot.test.autoconfigure.web.servlet.WebDriverTestExecutionListener, org.springframework.test.context.web.ServletTestExecutionListener, org.springframework.test.context.support.DirtiesContextBeforeModesTestExecutionListener, org.springframework.test.context.support.DependencyInjectionTestExecutionListener, org.springframework.test.context.support.DirtiesContextTestExecutionListener, org.springframework.test.context.transaction.TransactionalTestExecutionListener, org.springframework.test.context.jdbc.SqlScriptsTestExecutionListener]
===2018-12-24 11:10:26.439 INFO  org.springframework.boot.test.context.SpringBootTestContextBootstrapper Line:177 - Using TestExecutionListeners: [org.springframework.test.context.web.ServletTestExecutionListener@1722011b, org.springframework.test.context.support.DirtiesContextBeforeModesTestExecutionListener@57ad2aa7, org.springframework.boot.test.mock.mockito.MockitoTestExecutionListener@5b3f61ff, org.springframework.boot.test.autoconfigure.SpringBootDependencyInjectionTestExecutionListener@3e2059ae, org.springframework.test.context.support.DirtiesContextTestExecutionListener@398dada8, org.springframework.test.context.transaction.TransactionalTestExecutionListener@7cb502c, org.springframework.test.context.jdbc.SqlScriptsTestExecutionListener@275bf9b3, org.springframework.boot.test.mock.mockito.ResetMocksTestExecutionListener@1b8a29df, org.springframework.boot.test.autoconfigure.restdocs.RestDocsTestExecutionListener@4fbe37eb, org.springframework.boot.test.autoconfigure.web.client.MockRestServiceServerResetTestExecutionListener@12a94400, org.springframework.boot.test.autoconfigure.web.servlet.MockMvcPrintOnlyOnFailureTestExecutionListener@6a47b187, org.springframework.boot.test.autoconfigure.web.servlet.WebDriverTestExecutionListener@2049a9c1]
===2018-12-24 11:10:27.285 INFO  com.alibaba.dubbo.common.logger.LoggerFactory Line:?   - using logger: com.alibaba.dubbo.common.logger.slf4j.Slf4jLoggerAdapter
===2018-12-24 11:10:27.497 INFO  cn.joinhealth.springbootdemo.MybatisCacheTest Line:50  - Starting MybatisCacheTest on localhost with PID 42293 (started by linjian in /Users/linjian/Documents/IdeaProjects/springboot-demo)
===2018-12-24 11:10:27.499 INFO  cn.joinhealth.springbootdemo.MybatisCacheTest Line:679 - The following profiles are active: dev
===2018-12-24 11:10:29.563 INFO  org.springframework.data.repository.config.RepositoryConfigurationDelegate Line:244 - Multiple Spring Data modules found, entering strict repository configuration mode!
===2018-12-24 11:10:29.570 INFO  org.springframework.data.repository.config.RepositoryConfigurationDelegate Line:126 - Bootstrapping Spring Data repositories in DEFAULT mode.
===2018-12-24 11:10:29.611 INFO  org.springframework.data.repository.config.RepositoryConfigurationDelegate Line:182 - Finished Spring Data repository scanning in 18ms. Found 0 repository interfaces.
===2018-12-24 11:10:30.486 INFO  org.springframework.context.support.PostProcessorRegistrationDelegate$BeanPostProcessorChecker Line:330 - Bean 'org.springframework.kafka.annotation.KafkaBootstrapConfiguration' of type [org.springframework.kafka.annotation.KafkaBootstrapConfiguration$$EnhancerBySpringCGLIB$$c4abd6fc] is not eligible for getting processed by all BeanPostProcessors (for example: not eligible for auto-proxying)
===2018-12-24 11:10:30.593 INFO  org.springframework.context.support.PostProcessorRegistrationDelegate$BeanPostProcessorChecker Line:330 - Bean 'spring.dubbo-com.alibaba.dubbo.spring.boot.DubboProperties' of type [com.alibaba.dubbo.spring.boot.DubboProperties] is not eligible for getting processed by all BeanPostProcessors (for example: not eligible for auto-proxying)
===2018-12-24 11:10:30.626 INFO  org.springframework.context.support.PostProcessorRegistrationDelegate$BeanPostProcessorChecker Line:330 - Bean 'org.springframework.transaction.annotation.ProxyTransactionManagementConfiguration' of type [org.springframework.transaction.annotation.ProxyTransactionManagementConfiguration$$EnhancerBySpringCGLIB$$f0f9c579] is not eligible for getting processed by all BeanPostProcessors (for example: not eligible for auto-proxying)
===2018-12-24 11:10:30.756 INFO  org.springframework.context.support.PostProcessorRegistrationDelegate$BeanPostProcessorChecker Line:330 - Bean 'com.alibaba.dubbo.spring.boot.DubboConsumerAutoConfiguration' of type [com.alibaba.dubbo.spring.boot.DubboConsumerAutoConfiguration$$EnhancerBySpringCGLIB$$2b145e9b] is not eligible for getting processed by all BeanPostProcessors (for example: not eligible for auto-proxying)
===2018-12-24 11:10:30.977 INFO  com.alibaba.druid.spring.boot.autoconfigure.DruidDataSourceAutoConfigure Line:56  - Init DruidDataSource
===2018-12-24 11:10:31.289 INFO  com.alibaba.druid.pool.DruidDataSource Line:930 - {dataSource-1,test} inited
===2018-12-24 11:10:33.263 INFO  org.springframework.scheduling.concurrent.ThreadPoolTaskExecutor Line:171 - Initializing ExecutorService 'applicationTaskExecutor'
===2018-12-24 11:10:39.329 INFO  org.springframework.boot.actuate.endpoint.web.EndpointLinksResolver Line:59  - Exposing 2 endpoint(s) beneath base path '/actuator'
===2018-12-24 11:10:40.107 INFO  org.springframework.scheduling.concurrent.ThreadPoolTaskScheduler Line:171 - Initializing ExecutorService
===2018-12-24 11:10:40.128 INFO  org.springframework.kafka.listener.KafkaMessageListenerContainer Line:358 - partitions revoked: []
===2018-12-24 11:10:40.168 INFO  org.springframework.kafka.listener.KafkaMessageListenerContainer Line:363 - partitions assigned: [myTopic-0]
===2018-12-24 11:10:40.171 INFO  cn.joinhealth.springbootdemo.MybatisCacheTest Line:59  - Started MybatisCacheTest in 13.651 seconds (JVM running for 17.246)
===2018-12-24 11:10:41.018 INFO  com.alibaba.dubbo.config.AbstractConfig Line:80  -  [DUBBO] Run shutdown hook now., dubbo version: 2.6.0, current host: 127.0.0.1
===2018-12-24 11:10:41.021 INFO  com.alibaba.dubbo.registry.support.AbstractRegistryFactory Line:64  -  [DUBBO] Close all registries [], dubbo version: 2.6.0, current host: 127.0.0.1
===2018-12-24 11:10:41.022 INFO  org.springframework.scheduling.concurrent.ThreadPoolTaskScheduler Line:208 - Shutting down ExecutorService
===2018-12-24 11:10:41.032 INFO  org.springframework.kafka.listener.KafkaMessageListenerContainer$ListenerConsumer Line:810 - Consumer stopped
===2018-12-24 11:10:41.047 INFO  org.springframework.scheduling.concurrent.ThreadPoolTaskExecutor Line:208 - Shutting down ExecutorService 'applicationTaskExecutor'
===2018-12-24 11:10:41.074 INFO  com.alibaba.druid.pool.DruidDataSource Line:1825 - {dataSource-1} closed
===2018-12-24 11:12:32.597 INFO  org.springframework.boot.test.context.SpringBootTestContextBootstrapper Line:308 - Neither @ContextConfiguration nor @ContextHierarchy found for test class [cn.joinhealth.springbootdemo.MybatisCacheTest], using SpringBootContextLoader
===2018-12-24 11:12:32.607 INFO  org.springframework.test.context.support.AbstractContextLoader Line:264 - Could not detect default resource locations for test class [cn.joinhealth.springbootdemo.MybatisCacheTest]: no resource found for suffixes {-context.xml, Context.groovy}.
===2018-12-24 11:12:32.611 INFO  org.springframework.test.context.support.AnnotationConfigContextLoaderUtils Line:83  - Could not detect default configuration classes for test class [cn.joinhealth.springbootdemo.MybatisCacheTest]: MybatisCacheTest does not declare any static, non-private, non-final, nested classes annotated with @Configuration.
===2018-12-24 11:12:32.903 INFO  org.springframework.boot.test.context.SpringBootTestContextBootstrapper Line:247 - Found @SpringBootConfiguration cn.joinhealth.springbootdemo.SpringbootDemoApplication for test class cn.joinhealth.springbootdemo.MybatisCacheTest
===2018-12-24 11:12:33.133 INFO  org.springframework.boot.test.context.SpringBootTestContextBootstrapper Line:248 - Loaded default TestExecutionListener class names from location [META-INF/spring.factories]: [org.springframework.boot.test.mock.mockito.MockitoTestExecutionListener, org.springframework.boot.test.mock.mockito.ResetMocksTestExecutionListener, org.springframework.boot.test.autoconfigure.restdocs.RestDocsTestExecutionListener, org.springframework.boot.test.autoconfigure.web.client.MockRestServiceServerResetTestExecutionListener, org.springframework.boot.test.autoconfigure.web.servlet.MockMvcPrintOnlyOnFailureTestExecutionListener, org.springframework.boot.test.autoconfigure.web.servlet.WebDriverTestExecutionListener, org.springframework.test.context.web.ServletTestExecutionListener, org.springframework.test.context.support.DirtiesContextBeforeModesTestExecutionListener, org.springframework.test.context.support.DependencyInjectionTestExecutionListener, org.springframework.test.context.support.DirtiesContextTestExecutionListener, org.springframework.test.context.transaction.TransactionalTestExecutionListener, org.springframework.test.context.jdbc.SqlScriptsTestExecutionListener]
===2018-12-24 11:12:33.175 INFO  org.springframework.boot.test.context.SpringBootTestContextBootstrapper Line:177 - Using TestExecutionListeners: [org.springframework.test.context.web.ServletTestExecutionListener@1722011b, org.springframework.test.context.support.DirtiesContextBeforeModesTestExecutionListener@57ad2aa7, org.springframework.boot.test.mock.mockito.MockitoTestExecutionListener@5b3f61ff, org.springframework.boot.test.autoconfigure.SpringBootDependencyInjectionTestExecutionListener@3e2059ae, org.springframework.test.context.support.DirtiesContextTestExecutionListener@398dada8, org.springframework.test.context.transaction.TransactionalTestExecutionListener@7cb502c, org.springframework.test.context.jdbc.SqlScriptsTestExecutionListener@275bf9b3, org.springframework.boot.test.mock.mockito.ResetMocksTestExecutionListener@1b8a29df, org.springframework.boot.test.autoconfigure.restdocs.RestDocsTestExecutionListener@4fbe37eb, org.springframework.boot.test.autoconfigure.web.client.MockRestServiceServerResetTestExecutionListener@12a94400, org.springframework.boot.test.autoconfigure.web.servlet.MockMvcPrintOnlyOnFailureTestExecutionListener@6a47b187, org.springframework.boot.test.autoconfigure.web.servlet.WebDriverTestExecutionListener@2049a9c1]
===2018-12-24 11:12:34.115 INFO  com.alibaba.dubbo.common.logger.LoggerFactory Line:?   - using logger: com.alibaba.dubbo.common.logger.slf4j.Slf4jLoggerAdapter
===2018-12-24 11:12:34.473 INFO  cn.joinhealth.springbootdemo.MybatisCacheTest Line:50  - Starting MybatisCacheTest on localhost with PID 42303 (started by linjian in /Users/linjian/Documents/IdeaProjects/springboot-demo)
===2018-12-24 11:12:34.474 INFO  cn.joinhealth.springbootdemo.MybatisCacheTest Line:679 - The following profiles are active: dev
===2018-12-24 11:12:37.177 INFO  org.springframework.data.repository.config.RepositoryConfigurationDelegate Line:244 - Multiple Spring Data modules found, entering strict repository configuration mode!
===2018-12-24 11:12:37.182 INFO  org.springframework.data.repository.config.RepositoryConfigurationDelegate Line:126 - Bootstrapping Spring Data repositories in DEFAULT mode.
===2018-12-24 11:12:37.223 INFO  org.springframework.data.repository.config.RepositoryConfigurationDelegate Line:182 - Finished Spring Data repository scanning in 21ms. Found 0 repository interfaces.
===2018-12-24 11:12:38.141 INFO  org.springframework.context.support.PostProcessorRegistrationDelegate$BeanPostProcessorChecker Line:330 - Bean 'org.springframework.kafka.annotation.KafkaBootstrapConfiguration' of type [org.springframework.kafka.annotation.KafkaBootstrapConfiguration$$EnhancerBySpringCGLIB$$6f73b10] is not eligible for getting processed by all BeanPostProcessors (for example: not eligible for auto-proxying)
===2018-12-24 11:12:38.282 INFO  org.springframework.context.support.PostProcessorRegistrationDelegate$BeanPostProcessorChecker Line:330 - Bean 'spring.dubbo-com.alibaba.dubbo.spring.boot.DubboProperties' of type [com.alibaba.dubbo.spring.boot.DubboProperties] is not eligible for getting processed by all BeanPostProcessors (for example: not eligible for auto-proxying)
===2018-12-24 11:12:38.332 INFO  org.springframework.context.support.PostProcessorRegistrationDelegate$BeanPostProcessorChecker Line:330 - Bean 'org.springframework.transaction.annotation.ProxyTransactionManagementConfiguration' of type [org.springframework.transaction.annotation.ProxyTransactionManagementConfiguration$$EnhancerBySpringCGLIB$$3345298d] is not eligible for getting processed by all BeanPostProcessors (for example: not eligible for auto-proxying)
===2018-12-24 11:12:38.478 INFO  org.springframework.context.support.PostProcessorRegistrationDelegate$BeanPostProcessorChecker Line:330 - Bean 'com.alibaba.dubbo.spring.boot.DubboConsumerAutoConfiguration' of type [com.alibaba.dubbo.spring.boot.DubboConsumerAutoConfiguration$$EnhancerBySpringCGLIB$$6d5fc2af] is not eligible for getting processed by all BeanPostProcessors (for example: not eligible for auto-proxying)
===2018-12-24 11:12:38.742 INFO  com.alibaba.druid.spring.boot.autoconfigure.DruidDataSourceAutoConfigure Line:56  - Init DruidDataSource
===2018-12-24 11:12:39.075 INFO  com.alibaba.druid.pool.DruidDataSource Line:930 - {dataSource-1,test} inited
===2018-12-24 11:12:42.069 INFO  org.springframework.scheduling.concurrent.ThreadPoolTaskExecutor Line:171 - Initializing ExecutorService 'applicationTaskExecutor'
===2018-12-24 11:12:50.239 INFO  org.springframework.boot.actuate.endpoint.web.EndpointLinksResolver Line:59  - Exposing 2 endpoint(s) beneath base path '/actuator'
===2018-12-24 11:12:50.788 INFO  org.springframework.scheduling.concurrent.ThreadPoolTaskScheduler Line:171 - Initializing ExecutorService
===2018-12-24 11:12:50.806 INFO  org.springframework.kafka.listener.KafkaMessageListenerContainer Line:358 - partitions revoked: []
===2018-12-24 11:12:50.816 INFO  cn.joinhealth.springbootdemo.MybatisCacheTest Line:59  - Started MybatisCacheTest in 17.559 seconds (JVM running for 20.699)
===2018-12-24 11:12:50.835 INFO  org.springframework.kafka.listener.KafkaMessageListenerContainer Line:363 - partitions assigned: [myTopic-0]
===2018-12-24 11:12:51.117 INFO  cn.joinhealth.service.impl.UserServiceMybatisCacheImpl Line:56  - thread: main
===2018-12-24 11:12:51.424 INFO  cn.joinhealth.service.impl.UserServiceMybatisCacheImpl Line:56  - thread: main
===2018-12-24 11:12:51.430 INFO  cn.joinhealth.service.impl.UserServiceMybatisCacheImpl Line:56  - thread: main
===2018-12-24 11:12:51.445 INFO  com.alibaba.dubbo.config.AbstractConfig Line:80  -  [DUBBO] Run shutdown hook now., dubbo version: 2.6.0, current host: 127.0.0.1
===2018-12-24 11:12:51.450 INFO  com.alibaba.dubbo.registry.support.AbstractRegistryFactory Line:64  -  [DUBBO] Close all registries [], dubbo version: 2.6.0, current host: 127.0.0.1
===2018-12-24 11:12:51.456 INFO  org.springframework.scheduling.concurrent.ThreadPoolTaskScheduler Line:208 - Shutting down ExecutorService
===2018-12-24 11:12:51.471 INFO  org.springframework.kafka.listener.KafkaMessageListenerContainer$ListenerConsumer Line:810 - Consumer stopped
===2018-12-24 11:12:51.497 INFO  org.springframework.scheduling.concurrent.ThreadPoolTaskExecutor Line:208 - Shutting down ExecutorService 'applicationTaskExecutor'
===2018-12-24 11:12:51.531 INFO  com.alibaba.druid.pool.DruidDataSource Line:1825 - {dataSource-1} closed
